14:25:11.483 [main] INFO  Tests.TC_001_GenerateAccessToken - TC_001_GenerateAccessToken_01 Started
14:25:14.596 [main] INFO  Tests.TC_001_GenerateAccessToken - TC_001_GenerateAccessToken_01 Finished
14:25:14.611 [main] INFO  Tests.TC_001_GenerateAccessToken - TC_001_GenerateAccessToken_02 Started
14:25:14.935 [main] INFO  Tests.TC_001_GenerateAccessToken - TC_001_GenerateAccessToken_02 Finished
14:25:14.936 [main] INFO  Tests.TC_001_GenerateAccessToken - TC_001_GenerateAccessToken_03 Started
14:25:15.250 [main] INFO  Tests.TC_001_GenerateAccessToken - TC_001_GenerateAccessToken_03 Finished
14:25:15.259 [main] INFO  Tests.TC_001_GenerateAccessToken - TC_001_GenerateAccessToken_04 Started
14:25:15.563 [main] INFO  Tests.TC_001_GenerateAccessToken - TC_001_GenerateAccessToken_04 Finished
14:25:21.041 [main] INFO  Tests.TC_002_Albums - TC_002_Albums_01 Started
14:25:21.509 [main] INFO  Tests.TC_002_Albums - TC_002_Albums_01 Finished
14:25:21.510 [main] INFO  Tests.TC_002_Albums - TC_002_Albums_02 Started
14:25:21.883 [main] INFO  Tests.TC_002_Albums - TC_002_Albums_02 Finished
14:25:21.884 [main] INFO  Tests.TC_002_Albums - TC_002_Albums_03 Started
14:25:22.191 [main] INFO  Tests.TC_002_Albums - TC_002_Albums_03 Finished
14:25:22.192 [main] INFO  Tests.TC_002_Albums - TC_002_Albums_04 Started
14:25:22.534 [main] INFO  Tests.TC_002_Albums - TC_002_Albums_04 Finished
14:25:22.535 [main] INFO  Tests.TC_002_Albums - TC_002_Albums_05 Started
14:25:23.026 [main] INFO  Tests.TC_002_Albums - TC_002_Albums_05 Finished
14:25:23.027 [main] INFO  Tests.TC_002_Albums - TC_002_Albums_06 Started
14:25:23.325 [main] INFO  Tests.TC_002_Albums - TC_002_Albums_06 Finished
14:25:23.326 [main] INFO  Tests.TC_002_Albums - TC_002_Albums_07 Started
14:25:23.663 [main] INFO  Tests.TC_002_Albums - TC_002_Albums_07 Finished
14:25:23.663 [main] INFO  Tests.TC_002_Albums - TC_002_Albums_08 Started
14:25:23.946 [main] INFO  Tests.TC_002_Albums - TC_002_Albums_08 Finished
14:25:23.947 [main] INFO  Tests.TC_002_Albums - TC_002_Albums_09 Started
14:25:24.260 [main] INFO  Tests.TC_002_Albums - TC_002_Albums_09 Finished
14:25:24.262 [main] INFO  Tests.TC_002_Albums - TC_002_Albums_10 Started
14:25:24.652 [main] INFO  Tests.TC_002_Albums - TC_002_Albums_10 Finished
14:25:24.653 [main] INFO  Tests.TC_002_Albums - TC_002_Albums_11 Started
14:25:24.945 [main] INFO  Tests.TC_002_Albums - TC_002_Albums_11 Finished
14:25:24.945 [main] INFO  Tests.TC_002_Albums - TC_002_Albums_12 Started
14:25:25.989 [main] INFO  Tests.TC_002_Albums - TC_002_Albums_12 Finished
14:25:25.991 [main] INFO  Tests.TC_002_Albums - TC_002_Albums_13 Started
14:25:26.318 [main] INFO  Tests.TC_002_Albums - TC_002_Albums_13 Finished
14:25:26.320 [main] INFO  Tests.TC_002_Albums - TC_002_Albums_14 Started
14:25:26.777 [main] INFO  Tests.TC_002_Albums - TC_002_Albums_14 Finished
14:25:26.778 [main] INFO  Tests.TC_002_Albums - TC_002_Albums_15 Started
14:25:27.086 [main] INFO  Tests.TC_002_Albums - TC_002_Albums_15 Finished
14:25:27.087 [main] INFO  Tests.TC_002_Albums - TC_002_Albums_16 Started
14:25:27.412 [main] INFO  Tests.TC_002_Albums - TC_002_Albums_16 Finished
14:25:27.413 [main] INFO  Tests.TC_002_Albums - TC_002_Albums_17 Started
14:25:27.814 [main] INFO  Tests.TC_002_Albums - TC_002_Albums_17 Finished
14:25:27.814 [main] INFO  Tests.TC_002_Albums - TC_002_Albums_18 Started
14:25:28.136 [main] INFO  Tests.TC_002_Albums - TC_002_Albums_18 Finished
14:25:28.138 [main] INFO  Tests.TC_002_Albums - TC_002_Albums_19 Started
14:25:28.437 [main] INFO  Tests.TC_002_Albums - TC_002_Albums_19 Finished
14:25:28.439 [main] INFO  Tests.TC_002_Albums - TC_002_Albums_20 Started
14:25:28.741 [main] INFO  Tests.TC_002_Albums - TC_002_Albums_20 Finished
14:25:28.742 [main] INFO  Tests.TC_002_Albums - TC_002_Albums_21 Started
14:25:29.097 [main] INFO  Tests.TC_002_Albums - TC_002_Albums_21 Finished
14:25:29.098 [main] INFO  Tests.TC_002_Albums - TC_002_Albums_22 Started
14:25:29.442 [main] INFO  Tests.TC_002_Albums - TC_002_Albums_22 Finished
14:25:29.443 [main] INFO  Tests.TC_002_Albums - TC_002_Albums_23 Started
14:25:29.777 [main] INFO  Tests.TC_002_Albums - TC_002_Albums_23 Finished
14:25:29.778 [main] INFO  Tests.TC_002_Albums - TC_002_Albums_24 Started
14:25:30.065 [main] INFO  Tests.TC_002_Albums - TC_002_Albums_24 Finished
14:25:30.066 [main] INFO  Tests.TC_002_Albums - TC_002_Albums_25 Started
14:25:30.395 [main] INFO  Tests.TC_002_Albums - TC_002_Albums_25 Finished
14:25:30.395 [main] INFO  Tests.TC_002_Albums - TC_002_Albums_26 Started
14:25:30.793 [main] INFO  Tests.TC_002_Albums - TC_002_Albums_26 Finished
14:25:30.794 [main] INFO  Tests.TC_002_Albums - TC_002_Albums_27_01 Started
14:25:31.128 [main] INFO  Tests.TC_002_Albums - TC_002_Albums_27_01 Finished
14:25:31.129 [main] INFO  Tests.TC_002_Albums - TC_002_Albums_27_02 Started
14:25:31.413 [main] INFO  Tests.TC_002_Albums - TC_002_Albums_27_02 Finished
14:25:31.414 [main] INFO  Tests.TC_002_Albums - TC_002_Albums_28_01 Started
14:25:31.721 [main] INFO  Tests.TC_002_Albums - TC_002_Albums_28_01 Finished
14:25:31.722 [main] INFO  Tests.TC_002_Albums - TC_002_Albums_28_02 Started
14:25:32.118 [main] INFO  Tests.TC_002_Albums - TC_002_Albums_28_02 Finished
14:25:32.119 [main] INFO  Tests.TC_002_Albums - TC_002_Albums_29_01 Started
14:25:32.515 [main] INFO  Tests.TC_002_Albums - TC_002_Albums_29_01 Finished
14:25:32.517 [main] INFO  Tests.TC_002_Albums - TC_002_Albums_29_02 Started
14:25:32.828 [main] INFO  Tests.TC_002_Albums - TC_002_Albums_29_02 Finished
14:25:32.831 [main] INFO  Tests.TC_002_Albums - TC_002_Albums_30_01 Started
14:25:33.209 [main] INFO  Tests.TC_002_Albums - TC_002_Albums_30_01 Finished
14:25:33.211 [main] INFO  Tests.TC_002_Albums - TC_002_Albums_30_02 Started
14:25:33.509 [main] INFO  Tests.TC_002_Albums - TC_002_Albums_30_02 Finished
14:25:33.510 [main] INFO  Tests.TC_002_Albums - TC_002_Albums_31_01 Started
14:25:33.828 [main] INFO  Tests.TC_002_Albums - TC_002_Albums_31_01 Finished
14:25:33.829 [main] INFO  Tests.TC_002_Albums - TC_002_Albums_31_02 Started
14:25:34.143 [main] INFO  Tests.TC_002_Albums - TC_002_Albums_31_02 Finished
14:25:34.144 [main] INFO  Tests.TC_002_Albums - TC_002_Albums_32_01 Started
14:25:34.465 [main] INFO  Tests.TC_002_Albums - TC_002_Albums_32_01 Finished
14:25:34.468 [main] INFO  Tests.TC_002_Albums - TC_002_Albums_32_02 Started
14:25:34.783 [main] INFO  Tests.TC_002_Albums - TC_002_Albums_32_02 Finished
14:25:34.784 [main] INFO  Tests.TC_002_Albums - TC_002_Albums_33 Started
14:25:35.086 [main] INFO  Tests.TC_002_Albums - TC_002_Albums_33 Finished
14:25:35.087 [main] INFO  Tests.TC_002_Albums - TC_002_Albums_34 Started
14:25:35.725 [main] INFO  Tests.TC_002_Albums - TC_002_Albums_34 Finished
14:25:35.726 [main] INFO  Tests.TC_002_Albums - TC_002_Albums_45_01 Started
14:25:36.515 [main] INFO  Tests.TC_002_Albums - TC_002_Albums_45_01 Finished
14:25:36.515 [main] INFO  Tests.TC_002_Albums - TC_002_Albums_45_02 Started
14:25:37.194 [main] INFO  Tests.TC_002_Albums - TC_002_Albums_45_02 Finished
14:25:37.195 [main] INFO  Tests.TC_002_Albums - TC_002_Albums_46_01 Started
14:25:37.627 [main] INFO  Tests.TC_002_Albums - TC_002_Albums_46_01 Finished
14:25:37.628 [main] INFO  Tests.TC_002_Albums - TC_002_Albums_46_02 Started
14:25:38.150 [main] INFO  Tests.TC_002_Albums - TC_002_Albums_46_02 Finished
14:25:38.150 [main] INFO  Tests.TC_002_Albums - TC_002_Albums_47_01 Started
14:25:38.758 [main] INFO  Tests.TC_002_Albums - TC_002_Albums_47_01 Finished
14:25:38.760 [main] INFO  Tests.TC_002_Albums - TC_002_Albums_47_02 Started
14:25:39.351 [main] INFO  Tests.TC_002_Albums - TC_002_Albums_47_02 Finished
14:25:39.357 [main] INFO  Tests.TC_002_Albums - TC_002_Albums_48_01 Started
14:25:39.780 [main] INFO  Tests.TC_002_Albums - TC_002_Albums_48_01 Finished
14:25:39.780 [main] INFO  Tests.TC_002_Albums - TC_002_Albums_48_02 Started
14:25:40.144 [main] INFO  Tests.TC_002_Albums - TC_002_Albums_48_02 Finished
14:25:40.147 [main] INFO  Tests.TC_002_Albums - TC_002_Albums_49_01 Started
14:25:40.510 [main] INFO  Tests.TC_002_Albums - TC_002_Albums_49_01 Finished
14:25:40.511 [main] INFO  Tests.TC_002_Albums - TC_002_Albums_49_02 Started
14:25:40.812 [main] INFO  Tests.TC_002_Albums - TC_002_Albums_49_02 Finished
14:25:40.813 [main] INFO  Tests.TC_002_Albums - TC_002_Albums_50_01 Started
14:25:41.143 [main] INFO  Tests.TC_002_Albums - TC_002_Albums_50_01 Finished
14:25:41.145 [main] INFO  Tests.TC_002_Albums - TC_002_Albums_50_02 Started
14:25:41.485 [main] INFO  Tests.TC_002_Albums - TC_002_Albums_50_02 Finished
14:25:41.485 [main] INFO  Tests.TC_002_Albums - TC_002_Albums_51 Started
14:25:41.814 [main] INFO  Tests.TC_002_Albums - TC_002_Albums_51 Finished
14:25:41.819 [main] INFO  Tests.TC_002_Albums - TC_002_Albums_52 Started
14:25:42.145 [main] INFO  Tests.TC_002_Albums - TC_002_Albums_52 Finished
14:25:42.147 [main] INFO  Tests.TC_002_Albums - TC_002_Albums_53 Started
14:25:42.451 [main] INFO  Tests.TC_002_Albums - TC_002_Albums_53 Finished
14:25:48.330 [main] INFO  Tests.TC_003_Artists - TC_003_Artists_01 Started
14:25:48.705 [main] INFO  Tests.TC_003_Artists - TC_003_Artists_01 Finished
14:25:48.709 [main] INFO  Tests.TC_003_Artists - TC_003_Artists_02 Started
14:25:49.027 [main] INFO  Tests.TC_003_Artists - TC_003_Artists_02 Finished
14:25:49.029 [main] INFO  Tests.TC_003_Artists - TC_003_Artists_03 Started
14:25:49.363 [main] INFO  Tests.TC_003_Artists - TC_003_Artists_03 Finished
14:25:49.366 [main] INFO  Tests.TC_003_Artists - TC_003_Artists_04 Started
14:25:49.663 [main] INFO  Tests.TC_003_Artists - TC_003_Artists_04 Finished
14:25:49.665 [main] INFO  Tests.TC_003_Artists - TC_003_Artists_05 Started
14:25:50.289 [main] INFO  Tests.TC_003_Artists - TC_003_Artists_05 Finished
14:25:50.298 [main] INFO  Tests.TC_003_Artists - TC_003_Artists_06 Started
14:25:50.607 [main] INFO  Tests.TC_003_Artists - TC_003_Artists_06 Finished
14:25:50.609 [main] INFO  Tests.TC_003_Artists - TC_003_Artists_07 Started
14:25:50.911 [main] INFO  Tests.TC_003_Artists - TC_003_Artists_07 Finished
14:25:50.912 [main] INFO  Tests.TC_003_Artists - TC_003_Artists_08 Started
14:25:51.279 [main] INFO  Tests.TC_003_Artists - TC_003_Artists_08 Finished
14:25:51.284 [main] INFO  Tests.TC_003_Artists - TC_003_Artists_09 Started
14:25:51.609 [main] INFO  Tests.TC_003_Artists - TC_003_Artists_09 Finished
14:25:51.641 [main] INFO  Tests.TC_003_Artists - TC_003_Artists_10 Started
14:25:51.961 [main] INFO  Tests.TC_003_Artists - TC_003_Artists_10 Finished
14:25:51.962 [main] INFO  Tests.TC_003_Artists - TC_003_Artists_11 Started
14:25:52.309 [main] INFO  Tests.TC_003_Artists - TC_003_Artists_11 Finished
14:25:52.310 [main] INFO  Tests.TC_003_Artists - TC_003_Artists_12 Started
14:25:52.745 [main] INFO  Tests.TC_003_Artists - TC_003_Artists_12 Finished
14:25:52.746 [main] INFO  Tests.TC_003_Artists - TC_003_Artists_13 Started
14:25:53.113 [main] INFO  Tests.TC_003_Artists - TC_003_Artists_13 Finished
14:25:53.115 [main] INFO  Tests.TC_003_Artists - TC_003_Artists_14 Started
14:25:53.446 [main] INFO  Tests.TC_003_Artists - TC_003_Artists_14 Finished
14:25:53.485 [main] INFO  Tests.TC_003_Artists - TC_003_Artists_15 Started
14:25:53.775 [main] INFO  Tests.TC_003_Artists - TC_003_Artists_15 Finished
14:25:53.776 [main] INFO  Tests.TC_003_Artists - TC_003_Artists_16 Started
14:25:54.092 [main] INFO  Tests.TC_003_Artists - TC_003_Artists_16 Finished
14:25:54.093 [main] INFO  Tests.TC_003_Artists - TC_003_Artists_17 Started
14:25:54.739 [main] INFO  Tests.TC_003_Artists - TC_003_Artists_17 Finished
14:25:54.744 [main] INFO  Tests.TC_003_Artists - TC_003_Artists_18 Started
14:25:55.375 [main] INFO  Tests.TC_003_Artists - TC_003_Artists_18 Finished
14:25:55.377 [main] INFO  Tests.TC_003_Artists - TC_003_Artists_19 Started
14:25:55.710 [main] INFO  Tests.TC_003_Artists - TC_003_Artists_19 Finished
14:25:55.712 [main] INFO  Tests.TC_003_Artists - TC_003_Artists_20 Started
14:25:56.029 [main] INFO  Tests.TC_003_Artists - TC_003_Artists_20 Finished
14:25:56.030 [main] INFO  Tests.TC_003_Artists - TC_003_Artists_21 Started
14:25:56.460 [main] INFO  Tests.TC_003_Artists - TC_003_Artists_21 Finished
14:25:56.461 [main] INFO  Tests.TC_003_Artists - TC_003_Artists_22_01 Started
14:25:56.884 [main] INFO  Tests.TC_003_Artists - TC_003_Artists_22_01 Finished
14:25:56.885 [main] INFO  Tests.TC_003_Artists - TC_003_Artists_22_02 Started
14:25:57.314 [main] INFO  Tests.TC_003_Artists - TC_003_Artists_22_02 Finished
14:25:57.315 [main] INFO  Tests.TC_003_Artists - TC_003_Artists_23_01 Started
14:25:57.644 [main] INFO  Tests.TC_003_Artists - TC_003_Artists_23_01 Finished
14:25:57.645 [main] INFO  Tests.TC_003_Artists - TC_003_Artists_23_02 Started
14:25:58.001 [main] INFO  Tests.TC_003_Artists - TC_003_Artists_23_02 Finished
14:25:58.007 [main] INFO  Tests.TC_003_Artists - TC_003_Artists_24_01 Started
14:25:58.449 [main] INFO  Tests.TC_003_Artists - TC_003_Artists_24_01 Finished
14:25:58.450 [main] INFO  Tests.TC_003_Artists - TC_003_Artists_24_02 Started
14:25:58.902 [main] INFO  Tests.TC_003_Artists - TC_003_Artists_24_02 Finished
14:25:58.902 [main] INFO  Tests.TC_003_Artists - TC_003_Artists_25_01 Started
14:25:59.257 [main] INFO  Tests.TC_003_Artists - TC_003_Artists_25_01 Finished
14:25:59.261 [main] INFO  Tests.TC_003_Artists - TC_003_Artists_25_02 Started
14:25:59.647 [main] INFO  Tests.TC_003_Artists - TC_003_Artists_25_02 Finished
14:25:59.647 [main] INFO  Tests.TC_003_Artists - TC_003_Artists_26_01 Started
14:26:00.017 [main] INFO  Tests.TC_003_Artists - TC_003_Artists_26_01 Finished
14:26:00.018 [main] INFO  Tests.TC_003_Artists - TC_003_Artists_26_02 Started
14:26:00.363 [main] INFO  Tests.TC_003_Artists - TC_003_Artists_26_02 Finished
14:26:00.364 [main] INFO  Tests.TC_003_Artists - TC_003_Artists_27_01 Started
14:26:00.722 [main] INFO  Tests.TC_003_Artists - TC_003_Artists_27_01 Finished
14:26:00.723 [main] INFO  Tests.TC_003_Artists - TC_003_Artists_27_02 Started
14:26:01.167 [main] INFO  Tests.TC_003_Artists - TC_003_Artists_27_02 Finished
14:26:01.168 [main] INFO  Tests.TC_003_Artists - TC_003_Artists_28 Started
14:26:01.623 [main] INFO  Tests.TC_003_Artists - TC_003_Artists_28 Finished
14:26:01.624 [main] INFO  Tests.TC_003_Artists - TC_003_Artists_29 Started
14:26:02.160 [main] INFO  Tests.TC_003_Artists - TC_003_Artists_29 Finished
14:26:02.161 [main] INFO  Tests.TC_003_Artists - TC_003_Artists_30 Started
14:26:02.430 [main] INFO  Tests.TC_003_Artists - TC_003_Artists_30 Finished
14:26:02.431 [main] INFO  Tests.TC_003_Artists - TC_003_Artists_31 Started
14:26:02.806 [main] INFO  Tests.TC_003_Artists - TC_003_Artists_31 Finished
14:26:02.807 [main] INFO  Tests.TC_003_Artists - TC_003_Artists_32 Started
14:26:03.100 [main] INFO  Tests.TC_003_Artists - TC_003_Artists_32 Finished
14:26:03.103 [main] INFO  Tests.TC_003_Artists - TC_003_Artists_33 Started
14:26:03.529 [main] INFO  Tests.TC_003_Artists - TC_003_Artists_33 Finished
14:26:03.530 [main] INFO  Tests.TC_003_Artists - TC_003_Artists_34 Started
14:26:03.819 [main] INFO  Tests.TC_003_Artists - TC_003_Artists_34 Finished
14:26:03.820 [main] INFO  Tests.TC_003_Artists - TC_003_Artists_35 Started
14:26:04.145 [main] INFO  Tests.TC_003_Artists - TC_003_Artists_35 Finished
14:26:04.150 [main] INFO  Tests.TC_003_Artists - TC_003_Artists_36 Started
14:26:04.521 [main] INFO  Tests.TC_003_Artists - TC_003_Artists_36 Finished
14:26:04.521 [main] INFO  Tests.TC_003_Artists - TC_003_Artists_37 Started
14:26:04.844 [main] INFO  Tests.TC_003_Artists - TC_003_Artists_37 Finished
14:26:04.845 [main] INFO  Tests.TC_003_Artists - TC_003_Artists_38 Started
14:26:05.134 [main] INFO  Tests.TC_003_Artists - TC_003_Artists_38 Finished
14:26:05.135 [main] INFO  Tests.TC_003_Artists - TC_003_Artists_39 Started
14:26:05.420 [main] INFO  Tests.TC_003_Artists - TC_003_Artists_39 Finished
14:26:05.421 [main] INFO  Tests.TC_003_Artists - TC_003_Artists_40 Started
14:26:06.235 [main] INFO  Tests.TC_003_Artists - TC_003_Artists_40 Finished
14:26:06.237 [main] INFO  Tests.TC_003_Artists - TC_003_Artists_41 Started
14:26:06.523 [main] INFO  Tests.TC_003_Artists - TC_003_Artists_41 Finished
14:26:06.524 [main] INFO  Tests.TC_003_Artists - TC_003_Artists_42 Started
14:26:06.857 [main] INFO  Tests.TC_003_Artists - TC_003_Artists_42 Finished
14:26:06.864 [main] INFO  Tests.TC_003_Artists - TC_003_Artists_43 Started
14:26:07.150 [main] INFO  Tests.TC_003_Artists - TC_003_Artists_43 Finished
14:26:07.151 [main] INFO  Tests.TC_003_Artists - TC_003_Artists_44 Started
14:26:07.440 [main] INFO  Tests.TC_003_Artists - TC_003_Artists_44 Finished
14:26:07.441 [main] INFO  Tests.TC_003_Artists - TC_003_Artists_45 Started
14:26:07.726 [main] INFO  Tests.TC_003_Artists - TC_003_Artists_45 Finished
14:31:11.247 [main] INFO  Tests.TC_001_GenerateAccessToken - TC_001_GenerateAccessToken_01 Started
14:31:14.480 [main] INFO  Tests.TC_001_GenerateAccessToken - TC_001_GenerateAccessToken_01 Finished
14:31:14.495 [main] INFO  Tests.TC_001_GenerateAccessToken - TC_001_GenerateAccessToken_02 Started
14:31:14.882 [main] INFO  Tests.TC_001_GenerateAccessToken - TC_001_GenerateAccessToken_02 Finished
14:31:14.882 [main] INFO  Tests.TC_001_GenerateAccessToken - TC_001_GenerateAccessToken_03 Started
14:31:15.229 [main] INFO  Tests.TC_001_GenerateAccessToken - TC_001_GenerateAccessToken_03 Finished
14:31:15.231 [main] INFO  Tests.TC_001_GenerateAccessToken - TC_001_GenerateAccessToken_04 Started
14:31:15.609 [main] INFO  Tests.TC_001_GenerateAccessToken - TC_001_GenerateAccessToken_04 Finished
14:31:20.747 [main] INFO  Tests.TC_002_Albums - TC_002_Albums_01 Started
14:31:21.206 [main] INFO  Tests.TC_002_Albums - TC_002_Albums_01 Finished
14:31:21.207 [main] INFO  Tests.TC_002_Albums - TC_002_Albums_02 Started
14:31:21.635 [main] INFO  Tests.TC_002_Albums - TC_002_Albums_02 Finished
14:31:21.635 [main] INFO  Tests.TC_002_Albums - TC_002_Albums_03 Started
14:31:21.935 [main] INFO  Tests.TC_002_Albums - TC_002_Albums_03 Finished
14:31:21.935 [main] INFO  Tests.TC_002_Albums - TC_002_Albums_04 Started
14:31:22.313 [main] INFO  Tests.TC_002_Albums - TC_002_Albums_04 Finished
14:31:22.314 [main] INFO  Tests.TC_002_Albums - TC_002_Albums_05 Started
14:31:22.627 [main] INFO  Tests.TC_002_Albums - TC_002_Albums_05 Finished
14:31:22.627 [main] INFO  Tests.TC_002_Albums - TC_002_Albums_06 Started
14:31:22.937 [main] INFO  Tests.TC_002_Albums - TC_002_Albums_06 Finished
14:31:22.937 [main] INFO  Tests.TC_002_Albums - TC_002_Albums_07 Started
14:31:23.261 [main] INFO  Tests.TC_002_Albums - TC_002_Albums_07 Finished
14:31:23.263 [main] INFO  Tests.TC_002_Albums - TC_002_Albums_08 Started
14:31:23.583 [main] INFO  Tests.TC_002_Albums - TC_002_Albums_08 Finished
14:31:23.584 [main] INFO  Tests.TC_002_Albums - TC_002_Albums_09 Started
14:31:23.912 [main] INFO  Tests.TC_002_Albums - TC_002_Albums_09 Finished
14:31:23.913 [main] INFO  Tests.TC_002_Albums - TC_002_Albums_10 Started
14:31:24.316 [main] INFO  Tests.TC_002_Albums - TC_002_Albums_10 Finished
14:31:24.318 [main] INFO  Tests.TC_002_Albums - TC_002_Albums_11 Started
14:31:24.626 [main] INFO  Tests.TC_002_Albums - TC_002_Albums_11 Finished
14:31:24.626 [main] INFO  Tests.TC_002_Albums - TC_002_Albums_12 Started
14:31:25.623 [main] INFO  Tests.TC_002_Albums - TC_002_Albums_12 Finished
14:31:25.623 [main] INFO  Tests.TC_002_Albums - TC_002_Albums_13 Started
14:31:25.922 [main] INFO  Tests.TC_002_Albums - TC_002_Albums_13 Finished
14:31:25.922 [main] INFO  Tests.TC_002_Albums - TC_002_Albums_14 Started
14:31:26.351 [main] INFO  Tests.TC_002_Albums - TC_002_Albums_14 Finished
14:31:26.352 [main] INFO  Tests.TC_002_Albums - TC_002_Albums_15 Started
14:31:26.667 [main] INFO  Tests.TC_002_Albums - TC_002_Albums_15 Finished
14:31:26.667 [main] INFO  Tests.TC_002_Albums - TC_002_Albums_16 Started
14:31:27.035 [main] INFO  Tests.TC_002_Albums - TC_002_Albums_16 Finished
14:31:27.036 [main] INFO  Tests.TC_002_Albums - TC_002_Albums_17 Started
14:31:27.420 [main] INFO  Tests.TC_002_Albums - TC_002_Albums_17 Finished
14:31:27.420 [main] INFO  Tests.TC_002_Albums - TC_002_Albums_18 Started
14:31:27.719 [main] INFO  Tests.TC_002_Albums - TC_002_Albums_18 Finished
14:31:27.719 [main] INFO  Tests.TC_002_Albums - TC_002_Albums_19 Started
14:31:28.033 [main] INFO  Tests.TC_002_Albums - TC_002_Albums_19 Finished
14:31:28.033 [main] INFO  Tests.TC_002_Albums - TC_002_Albums_20 Started
14:31:28.334 [main] INFO  Tests.TC_002_Albums - TC_002_Albums_20 Finished
14:31:28.335 [main] INFO  Tests.TC_002_Albums - TC_002_Albums_21 Started
14:31:28.584 [main] INFO  Tests.TC_002_Albums - TC_002_Albums_21 Finished
14:31:28.601 [main] INFO  Tests.TC_002_Albums - TC_002_Albums_22 Started
14:31:28.969 [main] INFO  Tests.TC_002_Albums - TC_002_Albums_22 Finished
14:31:28.969 [main] INFO  Tests.TC_002_Albums - TC_002_Albums_23 Started
14:31:29.303 [main] INFO  Tests.TC_002_Albums - TC_002_Albums_23 Finished
14:31:29.317 [main] INFO  Tests.TC_002_Albums - TC_002_Albums_24 Started
14:31:29.634 [main] INFO  Tests.TC_002_Albums - TC_002_Albums_24 Finished
14:31:29.636 [main] INFO  Tests.TC_002_Albums - TC_002_Albums_25 Started
14:31:29.966 [main] INFO  Tests.TC_002_Albums - TC_002_Albums_25 Finished
14:31:29.968 [main] INFO  Tests.TC_002_Albums - TC_002_Albums_26 Started
14:31:30.306 [main] INFO  Tests.TC_002_Albums - TC_002_Albums_26 Finished
14:31:30.306 [main] INFO  Tests.TC_002_Albums - TC_002_Albums_27_01 Started
14:31:30.721 [main] INFO  Tests.TC_002_Albums - TC_002_Albums_27_01 Finished
14:31:30.721 [main] INFO  Tests.TC_002_Albums - TC_002_Albums_27_02 Started
14:31:31.067 [main] INFO  Tests.TC_002_Albums - TC_002_Albums_27_02 Finished
14:31:31.069 [main] INFO  Tests.TC_002_Albums - TC_002_Albums_28_01 Started
14:31:31.378 [main] INFO  Tests.TC_002_Albums - TC_002_Albums_28_01 Finished
14:31:31.380 [main] INFO  Tests.TC_002_Albums - TC_002_Albums_28_02 Started
14:31:31.734 [main] INFO  Tests.TC_002_Albums - TC_002_Albums_28_02 Finished
14:31:31.734 [main] INFO  Tests.TC_002_Albums - TC_002_Albums_29_01 Started
14:31:32.153 [main] INFO  Tests.TC_002_Albums - TC_002_Albums_29_01 Finished
14:31:32.155 [main] INFO  Tests.TC_002_Albums - TC_002_Albums_29_02 Started
14:31:32.469 [main] INFO  Tests.TC_002_Albums - TC_002_Albums_29_02 Finished
14:31:32.469 [main] INFO  Tests.TC_002_Albums - TC_002_Albums_30_01 Started
14:31:32.784 [main] INFO  Tests.TC_002_Albums - TC_002_Albums_30_01 Finished
14:31:32.784 [main] INFO  Tests.TC_002_Albums - TC_002_Albums_30_02 Started
14:31:33.099 [main] INFO  Tests.TC_002_Albums - TC_002_Albums_30_02 Finished
14:31:33.099 [main] INFO  Tests.TC_002_Albums - TC_002_Albums_31_01 Started
14:31:33.467 [main] INFO  Tests.TC_002_Albums - TC_002_Albums_31_01 Finished
14:31:33.467 [main] INFO  Tests.TC_002_Albums - TC_002_Albums_31_02 Started
14:31:33.802 [main] INFO  Tests.TC_002_Albums - TC_002_Albums_31_02 Finished
14:31:33.804 [main] INFO  Tests.TC_002_Albums - TC_002_Albums_32_01 Started
14:31:34.155 [main] INFO  Tests.TC_002_Albums - TC_002_Albums_32_01 Finished
14:31:34.155 [main] INFO  Tests.TC_002_Albums - TC_002_Albums_32_02 Started
14:31:34.458 [main] INFO  Tests.TC_002_Albums - TC_002_Albums_32_02 Finished
14:31:34.458 [main] INFO  Tests.TC_002_Albums - TC_002_Albums_33 Started
14:31:34.794 [main] INFO  Tests.TC_002_Albums - TC_002_Albums_33 Finished
14:31:34.795 [main] INFO  Tests.TC_002_Albums - TC_002_Albums_34 Started
14:31:35.105 [main] INFO  Tests.TC_002_Albums - TC_002_Albums_34 Finished
14:31:35.106 [main] INFO  Tests.TC_002_Albums - TC_002_Albums_45_01 Started
14:31:35.798 [main] INFO  Tests.TC_002_Albums - TC_002_Albums_45_01 Finished
14:31:35.798 [main] INFO  Tests.TC_002_Albums - TC_002_Albums_45_02 Started
14:31:36.494 [main] INFO  Tests.TC_002_Albums - TC_002_Albums_45_02 Finished
14:31:36.494 [main] INFO  Tests.TC_002_Albums - TC_002_Albums_46_01 Started
14:31:36.826 [main] INFO  Tests.TC_002_Albums - TC_002_Albums_46_01 Finished
14:31:36.826 [main] INFO  Tests.TC_002_Albums - TC_002_Albums_46_02 Started
14:31:37.125 [main] INFO  Tests.TC_002_Albums - TC_002_Albums_46_02 Finished
14:31:37.125 [main] INFO  Tests.TC_002_Albums - TC_002_Albums_47_01 Started
14:31:37.764 [main] INFO  Tests.TC_002_Albums - TC_002_Albums_47_01 Finished
14:31:37.764 [main] INFO  Tests.TC_002_Albums - TC_002_Albums_47_02 Started
14:31:38.414 [main] INFO  Tests.TC_002_Albums - TC_002_Albums_47_02 Finished
14:31:38.414 [main] INFO  Tests.TC_002_Albums - TC_002_Albums_48_01 Started
14:31:38.713 [main] INFO  Tests.TC_002_Albums - TC_002_Albums_48_01 Finished
14:31:38.729 [main] INFO  Tests.TC_002_Albums - TC_002_Albums_48_02 Started
14:31:39.027 [main] INFO  Tests.TC_002_Albums - TC_002_Albums_48_02 Finished
14:31:39.027 [main] INFO  Tests.TC_002_Albums - TC_002_Albums_49_01 Started
14:31:39.326 [main] INFO  Tests.TC_002_Albums - TC_002_Albums_49_01 Finished
14:31:39.326 [main] INFO  Tests.TC_002_Albums - TC_002_Albums_49_02 Started
14:31:39.637 [main] INFO  Tests.TC_002_Albums - TC_002_Albums_49_02 Finished
14:31:39.640 [main] INFO  Tests.TC_002_Albums - TC_002_Albums_50_01 Started
14:31:39.954 [main] INFO  Tests.TC_002_Albums - TC_002_Albums_50_01 Finished
14:31:39.954 [main] INFO  Tests.TC_002_Albums - TC_002_Albums_50_02 Started
14:31:40.267 [main] INFO  Tests.TC_002_Albums - TC_002_Albums_50_02 Finished
14:31:40.268 [main] INFO  Tests.TC_002_Albums - TC_002_Albums_51 Started
14:31:40.567 [main] INFO  Tests.TC_002_Albums - TC_002_Albums_51 Finished
14:31:40.567 [main] INFO  Tests.TC_002_Albums - TC_002_Albums_52 Started
14:31:40.852 [main] INFO  Tests.TC_002_Albums - TC_002_Albums_52 Finished
14:31:40.852 [main] INFO  Tests.TC_002_Albums - TC_002_Albums_53 Started
14:31:41.176 [main] INFO  Tests.TC_002_Albums - TC_002_Albums_53 Finished
14:31:47.208 [main] INFO  Tests.TC_003_Artists - TC_003_Artists_01 Started
14:31:47.536 [main] INFO  Tests.TC_003_Artists - TC_003_Artists_01 Finished
14:31:47.537 [main] INFO  Tests.TC_003_Artists - TC_003_Artists_02 Started
14:31:47.818 [main] INFO  Tests.TC_003_Artists - TC_003_Artists_02 Finished
14:31:47.819 [main] INFO  Tests.TC_003_Artists - TC_003_Artists_03 Started
14:31:48.131 [main] INFO  Tests.TC_003_Artists - TC_003_Artists_03 Finished
14:31:48.133 [main] INFO  Tests.TC_003_Artists - TC_003_Artists_04 Started
14:31:48.384 [main] INFO  Tests.TC_003_Artists - TC_003_Artists_04 Finished
14:31:48.384 [main] INFO  Tests.TC_003_Artists - TC_003_Artists_05 Started
14:31:48.686 [main] INFO  Tests.TC_003_Artists - TC_003_Artists_05 Finished
14:31:48.688 [main] INFO  Tests.TC_003_Artists - TC_003_Artists_06 Started
14:31:49.002 [main] INFO  Tests.TC_003_Artists - TC_003_Artists_06 Finished
14:31:49.002 [main] INFO  Tests.TC_003_Artists - TC_003_Artists_07 Started
14:31:49.283 [main] INFO  Tests.TC_003_Artists - TC_003_Artists_07 Finished
14:31:49.292 [main] INFO  Tests.TC_003_Artists - TC_003_Artists_08 Started
14:31:49.668 [main] INFO  Tests.TC_003_Artists - TC_003_Artists_08 Finished
14:31:49.669 [main] INFO  Tests.TC_003_Artists - TC_003_Artists_09 Started
14:31:49.986 [main] INFO  Tests.TC_003_Artists - TC_003_Artists_09 Finished
14:31:49.987 [main] INFO  Tests.TC_003_Artists - TC_003_Artists_10 Started
14:31:50.284 [main] INFO  Tests.TC_003_Artists - TC_003_Artists_10 Finished
14:31:50.284 [main] INFO  Tests.TC_003_Artists - TC_003_Artists_11 Started
14:31:50.682 [main] INFO  Tests.TC_003_Artists - TC_003_Artists_11 Finished
14:31:50.684 [main] INFO  Tests.TC_003_Artists - TC_003_Artists_12 Started
14:31:51.008 [main] INFO  Tests.TC_003_Artists - TC_003_Artists_12 Finished
14:31:51.009 [main] INFO  Tests.TC_003_Artists - TC_003_Artists_13 Started
14:31:51.309 [main] INFO  Tests.TC_003_Artists - TC_003_Artists_13 Finished
14:31:51.309 [main] INFO  Tests.TC_003_Artists - TC_003_Artists_14 Started
14:31:51.639 [main] INFO  Tests.TC_003_Artists - TC_003_Artists_14 Finished
14:31:51.639 [main] INFO  Tests.TC_003_Artists - TC_003_Artists_15 Started
14:31:51.952 [main] INFO  Tests.TC_003_Artists - TC_003_Artists_15 Finished
14:31:51.952 [main] INFO  Tests.TC_003_Artists - TC_003_Artists_16 Started
14:31:52.249 [main] INFO  Tests.TC_003_Artists - TC_003_Artists_16 Finished
14:31:52.249 [main] INFO  Tests.TC_003_Artists - TC_003_Artists_17 Started
14:31:52.579 [main] INFO  Tests.TC_003_Artists - TC_003_Artists_17 Finished
14:31:52.579 [main] INFO  Tests.TC_003_Artists - TC_003_Artists_18 Started
14:31:52.988 [main] INFO  Tests.TC_003_Artists - TC_003_Artists_18 Finished
14:31:52.988 [main] INFO  Tests.TC_003_Artists - TC_003_Artists_19 Started
14:31:53.335 [main] INFO  Tests.TC_003_Artists - TC_003_Artists_19 Finished
14:31:53.336 [main] INFO  Tests.TC_003_Artists - TC_003_Artists_20 Started
14:31:53.681 [main] INFO  Tests.TC_003_Artists - TC_003_Artists_20 Finished
14:31:53.683 [main] INFO  Tests.TC_003_Artists - TC_003_Artists_21 Started
14:31:54.048 [main] INFO  Tests.TC_003_Artists - TC_003_Artists_21 Finished
14:31:54.050 [main] INFO  Tests.TC_003_Artists - TC_003_Artists_22_01 Started
14:31:54.501 [main] INFO  Tests.TC_003_Artists - TC_003_Artists_22_01 Finished
14:31:54.501 [main] INFO  Tests.TC_003_Artists - TC_003_Artists_22_02 Started
14:31:54.928 [main] INFO  Tests.TC_003_Artists - TC_003_Artists_22_02 Finished
14:31:54.928 [main] INFO  Tests.TC_003_Artists - TC_003_Artists_23_01 Started
14:31:55.238 [main] INFO  Tests.TC_003_Artists - TC_003_Artists_23_01 Finished
14:31:55.239 [main] INFO  Tests.TC_003_Artists - TC_003_Artists_23_02 Started
14:31:55.612 [main] INFO  Tests.TC_003_Artists - TC_003_Artists_23_02 Finished
14:31:55.613 [main] INFO  Tests.TC_003_Artists - TC_003_Artists_24_01 Started
14:31:55.984 [main] INFO  Tests.TC_003_Artists - TC_003_Artists_24_01 Finished
14:31:55.985 [main] INFO  Tests.TC_003_Artists - TC_003_Artists_24_02 Started
14:31:56.380 [main] INFO  Tests.TC_003_Artists - TC_003_Artists_24_02 Finished
14:31:56.381 [main] INFO  Tests.TC_003_Artists - TC_003_Artists_25_01 Started
14:31:56.722 [main] INFO  Tests.TC_003_Artists - TC_003_Artists_25_01 Finished
14:31:56.724 [main] INFO  Tests.TC_003_Artists - TC_003_Artists_25_02 Started
14:31:57.097 [main] INFO  Tests.TC_003_Artists - TC_003_Artists_25_02 Finished
14:31:57.098 [main] INFO  Tests.TC_003_Artists - TC_003_Artists_26_01 Started
14:31:57.441 [main] INFO  Tests.TC_003_Artists - TC_003_Artists_26_01 Finished
14:31:57.443 [main] INFO  Tests.TC_003_Artists - TC_003_Artists_26_02 Started
14:31:57.950 [main] INFO  Tests.TC_003_Artists - TC_003_Artists_26_02 Finished
14:31:57.952 [main] INFO  Tests.TC_003_Artists - TC_003_Artists_27_01 Started
14:31:58.328 [main] INFO  Tests.TC_003_Artists - TC_003_Artists_27_01 Finished
14:31:58.329 [main] INFO  Tests.TC_003_Artists - TC_003_Artists_27_02 Started
14:31:58.755 [main] INFO  Tests.TC_003_Artists - TC_003_Artists_27_02 Finished
14:31:58.756 [main] INFO  Tests.TC_003_Artists - TC_003_Artists_28 Started
14:31:59.302 [main] INFO  Tests.TC_003_Artists - TC_003_Artists_28 Finished
14:31:59.302 [main] INFO  Tests.TC_003_Artists - TC_003_Artists_29 Started
14:31:59.823 [main] INFO  Tests.TC_003_Artists - TC_003_Artists_29 Finished
14:31:59.823 [main] INFO  Tests.TC_003_Artists - TC_003_Artists_30 Started
14:32:00.176 [main] INFO  Tests.TC_003_Artists - TC_003_Artists_30 Finished
14:32:00.177 [main] INFO  Tests.TC_003_Artists - TC_003_Artists_31 Started
14:32:00.472 [main] INFO  Tests.TC_003_Artists - TC_003_Artists_31 Finished
14:32:00.472 [main] INFO  Tests.TC_003_Artists - TC_003_Artists_32 Started
14:32:00.747 [main] INFO  Tests.TC_003_Artists - TC_003_Artists_32 Finished
14:32:00.748 [main] INFO  Tests.TC_003_Artists - TC_003_Artists_33 Started
14:32:01.164 [main] INFO  Tests.TC_003_Artists - TC_003_Artists_33 Finished
14:32:01.164 [main] INFO  Tests.TC_003_Artists - TC_003_Artists_34 Started
14:32:01.471 [main] INFO  Tests.TC_003_Artists - TC_003_Artists_34 Finished
14:32:01.472 [main] INFO  Tests.TC_003_Artists - TC_003_Artists_35 Started
14:32:01.787 [main] INFO  Tests.TC_003_Artists - TC_003_Artists_35 Finished
14:32:01.788 [main] INFO  Tests.TC_003_Artists - TC_003_Artists_36 Started
14:32:02.145 [main] INFO  Tests.TC_003_Artists - TC_003_Artists_36 Finished
14:32:02.146 [main] INFO  Tests.TC_003_Artists - TC_003_Artists_37 Started
14:32:02.430 [main] INFO  Tests.TC_003_Artists - TC_003_Artists_37 Finished
14:32:02.431 [main] INFO  Tests.TC_003_Artists - TC_003_Artists_38 Started
14:32:02.752 [main] INFO  Tests.TC_003_Artists - TC_003_Artists_38 Finished
14:32:02.753 [main] INFO  Tests.TC_003_Artists - TC_003_Artists_39 Started
14:32:03.034 [main] INFO  Tests.TC_003_Artists - TC_003_Artists_39 Finished
14:32:03.034 [main] INFO  Tests.TC_003_Artists - TC_003_Artists_40 Started
14:32:03.677 [main] INFO  Tests.TC_003_Artists - TC_003_Artists_40 Finished
14:32:03.678 [main] INFO  Tests.TC_003_Artists - TC_003_Artists_41 Started
14:32:04.022 [main] INFO  Tests.TC_003_Artists - TC_003_Artists_41 Finished
14:32:04.024 [main] INFO  Tests.TC_003_Artists - TC_003_Artists_42 Started
14:32:04.387 [main] INFO  Tests.TC_003_Artists - TC_003_Artists_42 Finished
14:32:04.391 [main] INFO  Tests.TC_003_Artists - TC_003_Artists_43 Started
14:32:04.699 [main] INFO  Tests.TC_003_Artists - TC_003_Artists_43 Finished
14:32:04.701 [main] INFO  Tests.TC_003_Artists - TC_003_Artists_44 Started
14:32:05.025 [main] INFO  Tests.TC_003_Artists - TC_003_Artists_44 Finished
14:32:05.026 [main] INFO  Tests.TC_003_Artists - TC_003_Artists_45 Started
14:32:05.329 [main] INFO  Tests.TC_003_Artists - TC_003_Artists_45 Finished
